<?xml version="1.0" encoding="UTF-8"?>
<!-- Generated by org.testng.reporters.JUnitReportReporter -->
<testsuite hostname="ShibaShankar" failures="0" tests="1" name="practice.CampaignSystem" time="33.622" errors="0" timestamp="2023-06-29T14:27:00 IST" skipped="0">
  <testcase classname="practice.CampaignSystem" name="createcCampaign" time="33.622"/>
  <system-out/>
</testsuite> <!-- practice.CampaignSystem -->
