<?xml version="1.0" encoding="UTF-8"?>
<!-- Generated by org.testng.reporters.JUnitReportReporter -->
<testsuite hostname="ShibaShankar" failures="0" tests="1" name="practice.Invoice_234" time="72.964" errors="0" timestamp="2023-06-29T14:27:00 IST" skipped="0">
  <testcase classname="practice.Invoice_234" name="createInvoiceFromVendor" time="72.964"/>
  <system-out/>
</testsuite> <!-- practice.Invoice_234 -->
