<?xml version="1.0" encoding="UTF-8"?>
<!-- Generated by org.testng.reporters.JUnitReportReporter -->
<testsuite hostname="ShibaShankar" failures="0" tests="1" name="com.pyga.salesorder.CampaignSystemTest" time="48.989" errors="0" timestamp="2023-06-30T09:54:01 IST" skipped="0">
  <testcase classname="com.pyga.salesorder.CampaignSystemTest" name="createcCampaign" time="48.989"/>
  <system-out/>
</testsuite> <!-- com.pyga.salesorder.CampaignSystemTest -->
