<?xml version="1.0" encoding="UTF-8"?>
<!-- Generated by org.testng.reporters.JUnitReportReporter -->
<testsuite hostname="ShibaShankar" failures="0" tests="1" name="com.pyga.salesorder.SalesOrderTest" time="64.046" errors="0" timestamp="2023-06-30T09:54:01 IST" skipped="0">
  <testcase classname="com.pyga.salesorder.SalesOrderTest" name="salesorderFromVendor" time="64.046"/>
  <system-out/>
</testsuite> <!-- com.pyga.salesorder.SalesOrderTest -->
