<?xml version="1.0" encoding="UTF-8"?>
<!-- Generated by org.testng.reporters.JUnitReportReporter -->
<testsuite hostname="ShibaShankar" failures="0" tests="1" name="com.pyga.salesorder.Invoice_234Test" time="84.432" errors="0" timestamp="2023-06-30T09:54:01 IST" skipped="0">
  <testcase classname="com.pyga.salesorder.Invoice_234Test" name="createInvoiceFromVendor" time="84.432"/>
  <system-out/>
</testsuite> <!-- com.pyga.salesorder.Invoice_234Test -->
