<?xml version="1.0" encoding="UTF-8"?>
<!-- Generated by org.testng.reporters.JUnitReportReporter -->
<testsuite hostname="ShibaShankar" failures="0" tests="3" name="practice.DataProvider1" time="0.055" errors="0" timestamp="2023-07-06T14:58:28 IST" skipped="0">
  <testcase classname="practice.DataProvider1" name="data" time="0.012"/>
  <system-out/>
  <testcase classname="practice.DataProvider1" name="data" time="0.023"/>
  <system-out/>
  <testcase classname="practice.DataProvider1" name="data" time="0.020"/>
  <system-out/>
</testsuite> <!-- practice.DataProvider1 -->
