<?xml version="1.0" encoding="UTF-8"?>
<!-- Generated by org.testng.reporters.JUnitReportReporter -->
<testsuite hostname="ShibaShankar" failures="0" tests="1" name="practice.SalesOrder" time="57.944" errors="0" timestamp="2023-06-29T14:57:24 IST" skipped="0">
  <testcase classname="practice.SalesOrder" name="salesorderFromVendor" time="57.944"/>
  <system-out/>
</testsuite> <!-- practice.SalesOrder -->
